<?xml version="1.0" encoding="UTF-8"?>
<testsuite xmlns:xsi="http://www.w3.org/2001/XMLSchema-instance" xsi:noNamespaceSchemaLocation="https://maven.apache.org/surefire/maven-surefire-plugin/xsd/surefire-test-report.xsd" version="3.0.2" name="pa.com.segurossura.logsandaudit.LogsAndAuditsApplicationTests" time="2.476" tests="1" errors="0" skipped="0" failures="0">
  <properties>
    <property name="java.specification.version" value="24"/>
    <property name="sun.jnu.encoding" value="UTF-8"/>
    <property name="java.class.path" value="/Users/rodrigolopezgatica/Mis_Proyectos/Medium/Logs/LogsAndAudits/target/test-classes:/Users/rodrigolopezgatica/Mis_Proyectos/Medium/Logs/LogsAndAudits/target/classes:/Users/rodrigolopezgatica/.m2/repository/org/springframework/boot/spring-boot-starter-data-jpa/3.5.0/spring-boot-starter-data-jpa-3.5.0.jar:/Users/rodrigolopezgatica/.m2/repository/org/springframework/boot/spring-boot-starter/3.5.0/spring-boot-starter-3.5.0.jar:/Users/rodrigolopezgatica/.m2/repository/org/springframework/boot/spring-boot/3.5.0/spring-boot-3.5.0.jar:/Users/rodrigolopezgatica/.m2/repository/org/springframework/boot/spring-boot-autoconfigure/3.5.0/spring-boot-autoconfigure-3.5.0.jar:/Users/rodrigolopezgatica/.m2/repository/jakarta/annotation/jakarta.annotation-api/2.1.1/jakarta.annotation-api-2.1.1.jar:/Users/rodrigolopezgatica/.m2/repository/org/yaml/snakeyaml/2.4/snakeyaml-2.4.jar:/Users/rodrigolopezgatica/.m2/repository/org/springframework/boot/spring-boot-starter-jdbc/3.5.0/spring-boot-starter-jdbc-3.5.0.jar:/Users/rodrigolopezgatica/.m2/repository/com/zaxxer/HikariCP/6.3.0/HikariCP-6.3.0.jar:/Users/rodrigolopezgatica/.m2/repository/org/springframework/spring-jdbc/6.2.7/spring-jdbc-6.2.7.jar:/Users/rodrigolopezgatica/.m2/repository/org/hibernate/orm/hibernate-core/6.6.15.Final/hibernate-core-6.6.15.Final.jar:/Users/rodrigolopezgatica/.m2/repository/jakarta/persistence/jakarta.persistence-api/3.1.0/jakarta.persistence-api-3.1.0.jar:/Users/rodrigolopezgatica/.m2/repository/jakarta/transaction/jakarta.transaction-api/2.0.1/jakarta.transaction-api-2.0.1.jar:/Users/rodrigolopezgatica/.m2/repository/org/jboss/logging/jboss-logging/3.6.1.Final/jboss-logging-3.6.1.Final.jar:/Users/rodrigolopezgatica/.m2/repository/org/hibernate/common/hibernate-commons-annotations/7.0.3.Final/hibernate-commons-annotations-7.0.3.Final.jar:/Users/rodrigolopezgatica/.m2/repository/io/smallrye/jandex/3.2.0/jandex-3.2.0.jar:/Users/rodrigolopezgatica/.m2/repository/com/fasterxml/classmate/1.7.0/classmate-1.7.0.jar:/Users/rodrigolopezgatica/.m2/repository/net/bytebuddy/byte-buddy/1.17.5/byte-buddy-1.17.5.jar:/Users/rodrigolopezgatica/.m2/repository/org/glassfish/jaxb/jaxb-runtime/4.0.5/jaxb-runtime-4.0.5.jar:/Users/rodrigolopezgatica/.m2/repository/org/glassfish/jaxb/jaxb-core/4.0.5/jaxb-core-4.0.5.jar:/Users/rodrigolopezgatica/.m2/repository/org/eclipse/angus/angus-activation/2.0.2/angus-activation-2.0.2.jar:/Users/rodrigolopezgatica/.m2/repository/org/glassfish/jaxb/txw2/4.0.5/txw2-4.0.5.jar:/Users/rodrigolopezgatica/.m2/repository/com/sun/istack/istack-commons-runtime/4.1.2/istack-commons-runtime-4.1.2.jar:/Users/rodrigolopezgatica/.m2/repository/jakarta/inject/jakarta.inject-api/2.0.1/jakarta.inject-api-2.0.1.jar:/Users/rodrigolopezgatica/.m2/repository/org/antlr/antlr4-runtime/4.13.0/antlr4-runtime-4.13.0.jar:/Users/rodrigolopezgatica/.m2/repository/org/springframework/data/spring-data-jpa/3.5.0/spring-data-jpa-3.5.0.jar:/Users/rodrigolopezgatica/.m2/repository/org/springframework/data/spring-data-commons/3.5.0/spring-data-commons-3.5.0.jar:/Users/rodrigolopezgatica/.m2/repository/org/springframework/spring-orm/6.2.7/spring-orm-6.2.7.jar:/Users/rodrigolopezgatica/.m2/repository/org/springframework/spring-context/6.2.7/spring-context-6.2.7.jar:/Users/rodrigolopezgatica/.m2/repository/org/springframework/spring-aop/6.2.7/spring-aop-6.2.7.jar:/Users/rodrigolopezgatica/.m2/repository/org/springframework/spring-tx/6.2.7/spring-tx-6.2.7.jar:/Users/rodrigolopezgatica/.m2/repository/org/springframework/spring-beans/6.2.7/spring-beans-6.2.7.jar:/Users/rodrigolopezgatica/.m2/repository/org/springframework/spring-aspects/6.2.7/spring-aspects-6.2.7.jar:/Users/rodrigolopezgatica/.m2/repository/org/aspectj/aspectjweaver/1.9.24/aspectjweaver-1.9.24.jar:/Users/rodrigolopezgatica/.m2/repository/org/springframework/boot/spring-boot-starter-web/3.5.0/spring-boot-starter-web-3.5.0.jar:/Users/rodrigolopezgatica/.m2/repository/org/springframework/boot/spring-boot-starter-json/3.5.0/spring-boot-starter-json-3.5.0.jar:/Users/rodrigolopezgatica/.m2/repository/com/fasterxml/jackson/datatype/jackson-datatype-jdk8/2.19.0/jackson-datatype-jdk8-2.19.0.jar:/Users/rodrigolopezgatica/.m2/repository/com/fasterxml/jackson/datatype/jackson-datatype-jsr310/2.19.0/jackson-datatype-jsr310-2.19.0.jar:/Users/rodrigolopezgatica/.m2/repository/com/fasterxml/jackson/module/jackson-module-parameter-names/2.19.0/jackson-module-parameter-names-2.19.0.jar:/Users/rodrigolopezgatica/.m2/repository/org/springframework/boot/spring-boot-starter-tomcat/3.5.0/spring-boot-starter-tomcat-3.5.0.jar:/Users/rodrigolopezgatica/.m2/repository/org/apache/tomcat/embed/tomcat-embed-core/10.1.41/tomcat-embed-core-10.1.41.jar:/Users/rodrigolopezgatica/.m2/repository/org/apache/tomcat/embed/tomcat-embed-websocket/10.1.41/tomcat-embed-websocket-10.1.41.jar:/Users/rodrigolopezgatica/.m2/repository/org/springframework/spring-web/6.2.7/spring-web-6.2.7.jar:/Users/rodrigolopezgatica/.m2/repository/org/springframework/spring-webmvc/6.2.7/spring-webmvc-6.2.7.jar:/Users/rodrigolopezgatica/.m2/repository/org/springframework/spring-expression/6.2.7/spring-expression-6.2.7.jar:/Users/rodrigolopezgatica/.m2/repository/org/springframework/boot/spring-boot-starter-actuator/3.5.0/spring-boot-starter-actuator-3.5.0.jar:/Users/rodrigolopezgatica/.m2/repository/org/springframework/boot/spring-boot-actuator-autoconfigure/3.5.0/spring-boot-actuator-autoconfigure-3.5.0.jar:/Users/rodrigolopezgatica/.m2/repository/org/springframework/boot/spring-boot-actuator/3.5.0/spring-boot-actuator-3.5.0.jar:/Users/rodrigolopezgatica/.m2/repository/io/micrometer/micrometer-observation/1.15.1/micrometer-observation-1.15.1.jar:/Users/rodrigolopezgatica/.m2/repository/io/micrometer/micrometer-commons/1.15.1/micrometer-commons-1.15.1.jar:/Users/rodrigolopezgatica/.m2/repository/io/micrometer/micrometer-jakarta9/1.15.1/micrometer-jakarta9-1.15.1.jar:/Users/rodrigolopezgatica/.m2/repository/io/micrometer/micrometer-core/1.15.1/micrometer-core-1.15.1.jar:/Users/rodrigolopezgatica/.m2/repository/org/hdrhistogram/HdrHistogram/2.2.2/HdrHistogram-2.2.2.jar:/Users/rodrigolopezgatica/.m2/repository/org/latencyutils/LatencyUtils/2.0.3/LatencyUtils-2.0.3.jar:/Users/rodrigolopezgatica/.m2/repository/org/springframework/boot/spring-boot-starter-test/3.5.0/spring-boot-starter-test-3.5.0.jar:/Users/rodrigolopezgatica/.m2/repository/org/springframework/boot/spring-boot-test/3.5.0/spring-boot-test-3.5.0.jar:/Users/rodrigolopezgatica/.m2/repository/org/springframework/boot/spring-boot-test-autoconfigure/3.5.0/spring-boot-test-autoconfigure-3.5.0.jar:/Users/rodrigolopezgatica/.m2/repository/com/jayway/jsonpath/json-path/2.9.0/json-path-2.9.0.jar:/Users/rodrigolopezgatica/.m2/repository/jakarta/xml/bind/jakarta.xml.bind-api/4.0.2/jakarta.xml.bind-api-4.0.2.jar:/Users/rodrigolopezgatica/.m2/repository/jakarta/activation/jakarta.activation-api/2.1.3/jakarta.activation-api-2.1.3.jar:/Users/rodrigolopezgatica/.m2/repository/net/minidev/json-smart/2.5.2/json-smart-2.5.2.jar:/Users/rodrigolopezgatica/.m2/repository/net/minidev/accessors-smart/2.5.2/accessors-smart-2.5.2.jar:/Users/rodrigolopezgatica/.m2/repository/org/ow2/asm/asm/9.7.1/asm-9.7.1.jar:/Users/rodrigolopezgatica/.m2/repository/org/assertj/assertj-core/3.27.3/assertj-core-3.27.3.jar:/Users/rodrigolopezgatica/.m2/repository/org/awaitility/awaitility/4.3.0/awaitility-4.3.0.jar:/Users/rodrigolopezgatica/.m2/repository/org/hamcrest/hamcrest/3.0/hamcrest-3.0.jar:/Users/rodrigolopezgatica/.m2/repository/org/junit/jupiter/junit-jupiter/5.12.2/junit-jupiter-5.12.2.jar:/Users/rodrigolopezgatica/.m2/repository/org/junit/jupiter/junit-jupiter-api/5.12.2/junit-jupiter-api-5.12.2.jar:/Users/rodrigolopezgatica/.m2/repository/org/opentest4j/opentest4j/1.3.0/opentest4j-1.3.0.jar:/Users/rodrigolopezgatica/.m2/repository/org/junit/platform/junit-platform-commons/1.12.2/junit-platform-commons-1.12.2.jar:/Users/rodrigolopezgatica/.m2/repository/org/apiguardian/apiguardian-api/1.1.2/apiguardian-api-1.1.2.jar:/Users/rodrigolopezgatica/.m2/repository/org/junit/jupiter/junit-jupiter-params/5.12.2/junit-jupiter-params-5.12.2.jar:/Users/rodrigolopezgatica/.m2/repository/org/junit/jupiter/junit-jupiter-engine/5.12.2/junit-jupiter-engine-5.12.2.jar:/Users/rodrigolopezgatica/.m2/repository/org/junit/platform/junit-platform-engine/1.12.2/junit-platform-engine-1.12.2.jar:/Users/rodrigolopezgatica/.m2/repository/org/mockito/mockito-core/5.17.0/mockito-core-5.17.0.jar:/Users/rodrigolopezgatica/.m2/repository/net/bytebuddy/byte-buddy-agent/1.17.5/byte-buddy-agent-1.17.5.jar:/Users/rodrigolopezgatica/.m2/repository/org/objenesis/objenesis/3.3/objenesis-3.3.jar:/Users/rodrigolopezgatica/.m2/repository/org/mockito/mockito-junit-jupiter/5.17.0/mockito-junit-jupiter-5.17.0.jar:/Users/rodrigolopezgatica/.m2/repository/org/skyscreamer/jsonassert/1.5.3/jsonassert-1.5.3.jar:/Users/rodrigolopezgatica/.m2/repository/com/vaadin/external/google/android-json/0.0.20131108.vaadin1/android-json-0.0.20131108.vaadin1.jar:/Users/rodrigolopezgatica/.m2/repository/org/springframework/spring-core/6.2.7/spring-core-6.2.7.jar:/Users/rodrigolopezgatica/.m2/repository/org/springframework/spring-jcl/6.2.7/spring-jcl-6.2.7.jar:/Users/rodrigolopezgatica/.m2/repository/org/springframework/spring-test/6.2.7/spring-test-6.2.7.jar:/Users/rodrigolopezgatica/.m2/repository/org/xmlunit/xmlunit-core/2.10.1/xmlunit-core-2.10.1.jar:/Users/rodrigolopezgatica/.m2/repository/org/springframework/boot/spring-boot-starter-validation/3.5.0/spring-boot-starter-validation-3.5.0.jar:/Users/rodrigolopezgatica/.m2/repository/org/apache/tomcat/embed/tomcat-embed-el/10.1.41/tomcat-embed-el-10.1.41.jar:/Users/rodrigolopezgatica/.m2/repository/org/hibernate/validator/hibernate-validator/8.0.2.Final/hibernate-validator-8.0.2.Final.jar:/Users/rodrigolopezgatica/.m2/repository/jakarta/validation/jakarta.validation-api/3.1.0/jakarta.validation-api-3.1.0.jar:/Users/rodrigolopezgatica/.m2/repository/org/springframework/boot/spring-boot-starter-logging/3.5.0/spring-boot-starter-logging-3.5.0.jar:/Users/rodrigolopezgatica/.m2/repository/org/apache/logging/log4j/log4j-to-slf4j/2.24.3/log4j-to-slf4j-2.24.3.jar:/Users/rodrigolopezgatica/.m2/repository/org/apache/logging/log4j/log4j-api/2.24.3/log4j-api-2.24.3.jar:/Users/rodrigolopezgatica/.m2/repository/org/slf4j/jul-to-slf4j/2.0.17/jul-to-slf4j-2.0.17.jar:/Users/rodrigolopezgatica/.m2/repository/io/micrometer/micrometer-tracing-bridge-brave/1.5.1/micrometer-tracing-bridge-brave-1.5.1.jar:/Users/rodrigolopezgatica/.m2/repository/org/slf4j/slf4j-api/2.0.17/slf4j-api-2.0.17.jar:/Users/rodrigolopezgatica/.m2/repository/io/zipkin/brave/brave/6.1.0/brave-6.1.0.jar:/Users/rodrigolopezgatica/.m2/repository/io/zipkin/brave/brave-context-slf4j/6.1.0/brave-context-slf4j-6.1.0.jar:/Users/rodrigolopezgatica/.m2/repository/io/zipkin/brave/brave-instrumentation-http/6.1.0/brave-instrumentation-http-6.1.0.jar:/Users/rodrigolopezgatica/.m2/repository/io/zipkin/aws/brave-propagation-aws/1.3.0/brave-propagation-aws-1.3.0.jar:/Users/rodrigolopezgatica/.m2/repository/io/zipkin/contrib/brave-propagation-w3c/brave-propagation-tracecontext/0.2.0/brave-propagation-tracecontext-0.2.0.jar:/Users/rodrigolopezgatica/.m2/repository/io/micrometer/micrometer-tracing/1.5.1/micrometer-tracing-1.5.1.jar:/Users/rodrigolopezgatica/.m2/repository/io/micrometer/context-propagation/1.1.3/context-propagation-1.1.3.jar:/Users/rodrigolopezgatica/.m2/repository/aopalliance/aopalliance/1.0/aopalliance-1.0.jar:/Users/rodrigolopezgatica/.m2/repository/ch/qos/logback/logback-core/1.5.18/logback-core-1.5.18.jar:/Users/rodrigolopezgatica/.m2/repository/ch/qos/logback/logback-classic/1.5.18/logback-classic-1.5.18.jar:/Users/rodrigolopezgatica/.m2/repository/net/logstash/logback/logstash-logback-encoder/8.1/logstash-logback-encoder-8.1.jar:/Users/rodrigolopezgatica/.m2/repository/com/fasterxml/jackson/core/jackson-databind/2.18.0/jackson-databind-2.18.0.jar:/Users/rodrigolopezgatica/.m2/repository/com/fasterxml/jackson/core/jackson-annotations/2.19.0/jackson-annotations-2.19.0.jar:/Users/rodrigolopezgatica/.m2/repository/com/fasterxml/jackson/core/jackson-core/2.19.0/jackson-core-2.19.0.jar:/Users/rodrigolopezgatica/.m2/repository/com/oracle/database/jdbc/ojdbc11/23.5.0.24.07/ojdbc11-23.5.0.24.07.jar:/Users/rodrigolopezgatica/.m2/repository/org/projectlombok/lombok/1.18.38/lombok-1.18.38.jar:"/>
    <property name="java.vm.vendor" value="Eclipse Adoptium"/>
    <property name="sun.arch.data.model" value="64"/>
    <property name="java.vendor.url" value="https://adoptium.net/"/>
    <property name="user.timezone" value="America/Santiago"/>
    <property name="org.jboss.logging.provider" value="slf4j"/>
    <property name="os.name" value="Mac OS X"/>
    <property name="java.vm.specification.version" value="24"/>
    <property name="APPLICATION_NAME" value="LogsAndAudits"/>
    <property name="sun.java.launcher" value="SUN_STANDARD"/>
    <property name="user.country" value="US"/>
    <property name="sun.boot.library.path" value="/Users/rodrigolopezgatica/.sdkman/candidates/java/24.0.1-tem/lib"/>
    <property name="sun.java.command" value="/Users/rodrigolopezgatica/Mis_Proyectos/Medium/Logs/LogsAndAudits/target/surefire/surefirebooter-20250610050321552_3.jar /Users/rodrigolopezgatica/Mis_Proyectos/Medium/Logs/LogsAndAudits/target/surefire 2025-06-10T05-03-21_516-jvmRun1 surefire-20250610050321552_1tmp surefire_0-20250610050321552_2tmp"/>
    <property name="http.nonProxyHosts" value="local|*.local|169.254/16|*.169.254/16"/>
    <property name="jdk.debug" value="release"/>
    <property name="surefire.test.class.path" value="/Users/rodrigolopezgatica/Mis_Proyectos/Medium/Logs/LogsAndAudits/target/test-classes:/Users/rodrigolopezgatica/Mis_Proyectos/Medium/Logs/LogsAndAudits/target/classes:/Users/rodrigolopezgatica/.m2/repository/org/springframework/boot/spring-boot-starter-data-jpa/3.5.0/spring-boot-starter-data-jpa-3.5.0.jar:/Users/rodrigolopezgatica/.m2/repository/org/springframework/boot/spring-boot-starter/3.5.0/spring-boot-starter-3.5.0.jar:/Users/rodrigolopezgatica/.m2/repository/org/springframework/boot/spring-boot/3.5.0/spring-boot-3.5.0.jar:/Users/rodrigolopezgatica/.m2/repository/org/springframework/boot/spring-boot-autoconfigure/3.5.0/spring-boot-autoconfigure-3.5.0.jar:/Users/rodrigolopezgatica/.m2/repository/jakarta/annotation/jakarta.annotation-api/2.1.1/jakarta.annotation-api-2.1.1.jar:/Users/rodrigolopezgatica/.m2/repository/org/yaml/snakeyaml/2.4/snakeyaml-2.4.jar:/Users/rodrigolopezgatica/.m2/repository/org/springframework/boot/spring-boot-starter-jdbc/3.5.0/spring-boot-starter-jdbc-3.5.0.jar:/Users/rodrigolopezgatica/.m2/repository/com/zaxxer/HikariCP/6.3.0/HikariCP-6.3.0.jar:/Users/rodrigolopezgatica/.m2/repository/org/springframework/spring-jdbc/6.2.7/spring-jdbc-6.2.7.jar:/Users/rodrigolopezgatica/.m2/repository/org/hibernate/orm/hibernate-core/6.6.15.Final/hibernate-core-6.6.15.Final.jar:/Users/rodrigolopezgatica/.m2/repository/jakarta/persistence/jakarta.persistence-api/3.1.0/jakarta.persistence-api-3.1.0.jar:/Users/rodrigolopezgatica/.m2/repository/jakarta/transaction/jakarta.transaction-api/2.0.1/jakarta.transaction-api-2.0.1.jar:/Users/rodrigolopezgatica/.m2/repository/org/jboss/logging/jboss-logging/3.6.1.Final/jboss-logging-3.6.1.Final.jar:/Users/rodrigolopezgatica/.m2/repository/org/hibernate/common/hibernate-commons-annotations/7.0.3.Final/hibernate-commons-annotations-7.0.3.Final.jar:/Users/rodrigolopezgatica/.m2/repository/io/smallrye/jandex/3.2.0/jandex-3.2.0.jar:/Users/rodrigolopezgatica/.m2/repository/com/fasterxml/classmate/1.7.0/classmate-1.7.0.jar:/Users/rodrigolopezgatica/.m2/repository/net/bytebuddy/byte-buddy/1.17.5/byte-buddy-1.17.5.jar:/Users/rodrigolopezgatica/.m2/repository/org/glassfish/jaxb/jaxb-runtime/4.0.5/jaxb-runtime-4.0.5.jar:/Users/rodrigolopezgatica/.m2/repository/org/glassfish/jaxb/jaxb-core/4.0.5/jaxb-core-4.0.5.jar:/Users/rodrigolopezgatica/.m2/repository/org/eclipse/angus/angus-activation/2.0.2/angus-activation-2.0.2.jar:/Users/rodrigolopezgatica/.m2/repository/org/glassfish/jaxb/txw2/4.0.5/txw2-4.0.5.jar:/Users/rodrigolopezgatica/.m2/repository/com/sun/istack/istack-commons-runtime/4.1.2/istack-commons-runtime-4.1.2.jar:/Users/rodrigolopezgatica/.m2/repository/jakarta/inject/jakarta.inject-api/2.0.1/jakarta.inject-api-2.0.1.jar:/Users/rodrigolopezgatica/.m2/repository/org/antlr/antlr4-runtime/4.13.0/antlr4-runtime-4.13.0.jar:/Users/rodrigolopezgatica/.m2/repository/org/springframework/data/spring-data-jpa/3.5.0/spring-data-jpa-3.5.0.jar:/Users/rodrigolopezgatica/.m2/repository/org/springframework/data/spring-data-commons/3.5.0/spring-data-commons-3.5.0.jar:/Users/rodrigolopezgatica/.m2/repository/org/springframework/spring-orm/6.2.7/spring-orm-6.2.7.jar:/Users/rodrigolopezgatica/.m2/repository/org/springframework/spring-context/6.2.7/spring-context-6.2.7.jar:/Users/rodrigolopezgatica/.m2/repository/org/springframework/spring-aop/6.2.7/spring-aop-6.2.7.jar:/Users/rodrigolopezgatica/.m2/repository/org/springframework/spring-tx/6.2.7/spring-tx-6.2.7.jar:/Users/rodrigolopezgatica/.m2/repository/org/springframework/spring-beans/6.2.7/spring-beans-6.2.7.jar:/Users/rodrigolopezgatica/.m2/repository/org/springframework/spring-aspects/6.2.7/spring-aspects-6.2.7.jar:/Users/rodrigolopezgatica/.m2/repository/org/aspectj/aspectjweaver/1.9.24/aspectjweaver-1.9.24.jar:/Users/rodrigolopezgatica/.m2/repository/org/springframework/boot/spring-boot-starter-web/3.5.0/spring-boot-starter-web-3.5.0.jar:/Users/rodrigolopezgatica/.m2/repository/org/springframework/boot/spring-boot-starter-json/3.5.0/spring-boot-starter-json-3.5.0.jar:/Users/rodrigolopezgatica/.m2/repository/com/fasterxml/jackson/datatype/jackson-datatype-jdk8/2.19.0/jackson-datatype-jdk8-2.19.0.jar:/Users/rodrigolopezgatica/.m2/repository/com/fasterxml/jackson/datatype/jackson-datatype-jsr310/2.19.0/jackson-datatype-jsr310-2.19.0.jar:/Users/rodrigolopezgatica/.m2/repository/com/fasterxml/jackson/module/jackson-module-parameter-names/2.19.0/jackson-module-parameter-names-2.19.0.jar:/Users/rodrigolopezgatica/.m2/repository/org/springframework/boot/spring-boot-starter-tomcat/3.5.0/spring-boot-starter-tomcat-3.5.0.jar:/Users/rodrigolopezgatica/.m2/repository/org/apache/tomcat/embed/tomcat-embed-core/10.1.41/tomcat-embed-core-10.1.41.jar:/Users/rodrigolopezgatica/.m2/repository/org/apache/tomcat/embed/tomcat-embed-websocket/10.1.41/tomcat-embed-websocket-10.1.41.jar:/Users/rodrigolopezgatica/.m2/repository/org/springframework/spring-web/6.2.7/spring-web-6.2.7.jar:/Users/rodrigolopezgatica/.m2/repository/org/springframework/spring-webmvc/6.2.7/spring-webmvc-6.2.7.jar:/Users/rodrigolopezgatica/.m2/repository/org/springframework/spring-expression/6.2.7/spring-expression-6.2.7.jar:/Users/rodrigolopezgatica/.m2/repository/org/springframework/boot/spring-boot-starter-actuator/3.5.0/spring-boot-starter-actuator-3.5.0.jar:/Users/rodrigolopezgatica/.m2/repository/org/springframework/boot/spring-boot-actuator-autoconfigure/3.5.0/spring-boot-actuator-autoconfigure-3.5.0.jar:/Users/rodrigolopezgatica/.m2/repository/org/springframework/boot/spring-boot-actuator/3.5.0/spring-boot-actuator-3.5.0.jar:/Users/rodrigolopezgatica/.m2/repository/io/micrometer/micrometer-observation/1.15.1/micrometer-observation-1.15.1.jar:/Users/rodrigolopezgatica/.m2/repository/io/micrometer/micrometer-commons/1.15.1/micrometer-commons-1.15.1.jar:/Users/rodrigolopezgatica/.m2/repository/io/micrometer/micrometer-jakarta9/1.15.1/micrometer-jakarta9-1.15.1.jar:/Users/rodrigolopezgatica/.m2/repository/io/micrometer/micrometer-core/1.15.1/micrometer-core-1.15.1.jar:/Users/rodrigolopezgatica/.m2/repository/org/hdrhistogram/HdrHistogram/2.2.2/HdrHistogram-2.2.2.jar:/Users/rodrigolopezgatica/.m2/repository/org/latencyutils/LatencyUtils/2.0.3/LatencyUtils-2.0.3.jar:/Users/rodrigolopezgatica/.m2/repository/org/springframework/boot/spring-boot-starter-test/3.5.0/spring-boot-starter-test-3.5.0.jar:/Users/rodrigolopezgatica/.m2/repository/org/springframework/boot/spring-boot-test/3.5.0/spring-boot-test-3.5.0.jar:/Users/rodrigolopezgatica/.m2/repository/org/springframework/boot/spring-boot-test-autoconfigure/3.5.0/spring-boot-test-autoconfigure-3.5.0.jar:/Users/rodrigolopezgatica/.m2/repository/com/jayway/jsonpath/json-path/2.9.0/json-path-2.9.0.jar:/Users/rodrigolopezgatica/.m2/repository/jakarta/xml/bind/jakarta.xml.bind-api/4.0.2/jakarta.xml.bind-api-4.0.2.jar:/Users/rodrigolopezgatica/.m2/repository/jakarta/activation/jakarta.activation-api/2.1.3/jakarta.activation-api-2.1.3.jar:/Users/rodrigolopezgatica/.m2/repository/net/minidev/json-smart/2.5.2/json-smart-2.5.2.jar:/Users/rodrigolopezgatica/.m2/repository/net/minidev/accessors-smart/2.5.2/accessors-smart-2.5.2.jar:/Users/rodrigolopezgatica/.m2/repository/org/ow2/asm/asm/9.7.1/asm-9.7.1.jar:/Users/rodrigolopezgatica/.m2/repository/org/assertj/assertj-core/3.27.3/assertj-core-3.27.3.jar:/Users/rodrigolopezgatica/.m2/repository/org/awaitility/awaitility/4.3.0/awaitility-4.3.0.jar:/Users/rodrigolopezgatica/.m2/repository/org/hamcrest/hamcrest/3.0/hamcrest-3.0.jar:/Users/rodrigolopezgatica/.m2/repository/org/junit/jupiter/junit-jupiter/5.12.2/junit-jupiter-5.12.2.jar:/Users/rodrigolopezgatica/.m2/repository/org/junit/jupiter/junit-jupiter-api/5.12.2/junit-jupiter-api-5.12.2.jar:/Users/rodrigolopezgatica/.m2/repository/org/opentest4j/opentest4j/1.3.0/opentest4j-1.3.0.jar:/Users/rodrigolopezgatica/.m2/repository/org/junit/platform/junit-platform-commons/1.12.2/junit-platform-commons-1.12.2.jar:/Users/rodrigolopezgatica/.m2/repository/org/apiguardian/apiguardian-api/1.1.2/apiguardian-api-1.1.2.jar:/Users/rodrigolopezgatica/.m2/repository/org/junit/jupiter/junit-jupiter-params/5.12.2/junit-jupiter-params-5.12.2.jar:/Users/rodrigolopezgatica/.m2/repository/org/junit/jupiter/junit-jupiter-engine/5.12.2/junit-jupiter-engine-5.12.2.jar:/Users/rodrigolopezgatica/.m2/repository/org/junit/platform/junit-platform-engine/1.12.2/junit-platform-engine-1.12.2.jar:/Users/rodrigolopezgatica/.m2/repository/org/mockito/mockito-core/5.17.0/mockito-core-5.17.0.jar:/Users/rodrigolopezgatica/.m2/repository/net/bytebuddy/byte-buddy-agent/1.17.5/byte-buddy-agent-1.17.5.jar:/Users/rodrigolopezgatica/.m2/repository/org/objenesis/objenesis/3.3/objenesis-3.3.jar:/Users/rodrigolopezgatica/.m2/repository/org/mockito/mockito-junit-jupiter/5.17.0/mockito-junit-jupiter-5.17.0.jar:/Users/rodrigolopezgatica/.m2/repository/org/skyscreamer/jsonassert/1.5.3/jsonassert-1.5.3.jar:/Users/rodrigolopezgatica/.m2/repository/com/vaadin/external/google/android-json/0.0.20131108.vaadin1/android-json-0.0.20131108.vaadin1.jar:/Users/rodrigolopezgatica/.m2/repository/org/springframework/spring-core/6.2.7/spring-core-6.2.7.jar:/Users/rodrigolopezgatica/.m2/repository/org/springframework/spring-jcl/6.2.7/spring-jcl-6.2.7.jar:/Users/rodrigolopezgatica/.m2/repository/org/springframework/spring-test/6.2.7/spring-test-6.2.7.jar:/Users/rodrigolopezgatica/.m2/repository/org/xmlunit/xmlunit-core/2.10.1/xmlunit-core-2.10.1.jar:/Users/rodrigolopezgatica/.m2/repository/org/springframework/boot/spring-boot-starter-validation/3.5.0/spring-boot-starter-validation-3.5.0.jar:/Users/rodrigolopezgatica/.m2/repository/org/apache/tomcat/embed/tomcat-embed-el/10.1.41/tomcat-embed-el-10.1.41.jar:/Users/rodrigolopezgatica/.m2/repository/org/hibernate/validator/hibernate-validator/8.0.2.Final/hibernate-validator-8.0.2.Final.jar:/Users/rodrigolopezgatica/.m2/repository/jakarta/validation/jakarta.validation-api/3.1.0/jakarta.validation-api-3.1.0.jar:/Users/rodrigolopezgatica/.m2/repository/org/springframework/boot/spring-boot-starter-logging/3.5.0/spring-boot-starter-logging-3.5.0.jar:/Users/rodrigolopezgatica/.m2/repository/org/apache/logging/log4j/log4j-to-slf4j/2.24.3/log4j-to-slf4j-2.24.3.jar:/Users/rodrigolopezgatica/.m2/repository/org/apache/logging/log4j/log4j-api/2.24.3/log4j-api-2.24.3.jar:/Users/rodrigolopezgatica/.m2/repository/org/slf4j/jul-to-slf4j/2.0.17/jul-to-slf4j-2.0.17.jar:/Users/rodrigolopezgatica/.m2/repository/io/micrometer/micrometer-tracing-bridge-brave/1.5.1/micrometer-tracing-bridge-brave-1.5.1.jar:/Users/rodrigolopezgatica/.m2/repository/org/slf4j/slf4j-api/2.0.17/slf4j-api-2.0.17.jar:/Users/rodrigolopezgatica/.m2/repository/io/zipkin/brave/brave/6.1.0/brave-6.1.0.jar:/Users/rodrigolopezgatica/.m2/repository/io/zipkin/brave/brave-context-slf4j/6.1.0/brave-context-slf4j-6.1.0.jar:/Users/rodrigolopezgatica/.m2/repository/io/zipkin/brave/brave-instrumentation-http/6.1.0/brave-instrumentation-http-6.1.0.jar:/Users/rodrigolopezgatica/.m2/repository/io/zipkin/aws/brave-propagation-aws/1.3.0/brave-propagation-aws-1.3.0.jar:/Users/rodrigolopezgatica/.m2/repository/io/zipkin/contrib/brave-propagation-w3c/brave-propagation-tracecontext/0.2.0/brave-propagation-tracecontext-0.2.0.jar:/Users/rodrigolopezgatica/.m2/repository/io/micrometer/micrometer-tracing/1.5.1/micrometer-tracing-1.5.1.jar:/Users/rodrigolopezgatica/.m2/repository/io/micrometer/context-propagation/1.1.3/context-propagation-1.1.3.jar:/Users/rodrigolopezgatica/.m2/repository/aopalliance/aopalliance/1.0/aopalliance-1.0.jar:/Users/rodrigolopezgatica/.m2/repository/ch/qos/logback/logback-core/1.5.18/logback-core-1.5.18.jar:/Users/rodrigolopezgatica/.m2/repository/ch/qos/logback/logback-classic/1.5.18/logback-classic-1.5.18.jar:/Users/rodrigolopezgatica/.m2/repository/net/logstash/logback/logstash-logback-encoder/8.1/logstash-logback-encoder-8.1.jar:/Users/rodrigolopezgatica/.m2/repository/com/fasterxml/jackson/core/jackson-databind/2.18.0/jackson-databind-2.18.0.jar:/Users/rodrigolopezgatica/.m2/repository/com/fasterxml/jackson/core/jackson-annotations/2.19.0/jackson-annotations-2.19.0.jar:/Users/rodrigolopezgatica/.m2/repository/com/fasterxml/jackson/core/jackson-core/2.19.0/jackson-core-2.19.0.jar:/Users/rodrigolopezgatica/.m2/repository/com/oracle/database/jdbc/ojdbc11/23.5.0.24.07/ojdbc11-23.5.0.24.07.jar:/Users/rodrigolopezgatica/.m2/repository/org/projectlombok/lombok/1.18.38/lombok-1.18.38.jar:"/>
    <property name="sun.cpu.endian" value="little"/>
    <property name="user.home" value="/Users/rodrigolopezgatica"/>
    <property name="user.language" value="en"/>
    <property name="java.specification.vendor" value="Oracle Corporation"/>
    <property name="java.version.date" value="2025-04-15"/>
    <property name="java.home" value="/Users/rodrigolopezgatica/.sdkman/candidates/java/24.0.1-tem"/>
    <property name="file.separator" value="/"/>
    <property name="basedir" value="/Users/rodrigolopezgatica/Mis_Proyectos/Medium/Logs/LogsAndAudits"/>
    <property name="java.vm.compressedOopsMode" value="Non-zero based"/>
    <property name="line.separator" value="&#10;"/>
    <property name="java.vm.specification.vendor" value="Oracle Corporation"/>
    <property name="java.specification.name" value="Java Platform API Specification"/>
    <property name="FILE_LOG_CHARSET" value="UTF-8"/>
    <property name="java.awt.headless" value="true"/>
    <property name="apple.awt.application.name" value="ForkedBooter"/>
    <property name="surefire.real.class.path" value="/Users/rodrigolopezgatica/Mis_Proyectos/Medium/Logs/LogsAndAudits/target/surefire/surefirebooter-20250610050321552_3.jar"/>
    <property name="sun.management.compiler" value="HotSpot 64-Bit Tiered Compilers"/>
    <property name="ftp.nonProxyHosts" value="local|*.local|169.254/16|*.169.254/16"/>
    <property name="java.runtime.version" value="24.0.1+9"/>
    <property name="LOG_CORRELATION_PATTERN" value="%correlationId"/>
    <property name="user.name" value="rodrigolopezgatica"/>
    <property name="stdout.encoding" value="UTF-8"/>
    <property name="path.separator" value=":"/>
    <property name="os.version" value="15.5"/>
    <property name="java.runtime.name" value="OpenJDK Runtime Environment"/>
    <property name="file.encoding" value="UTF-8"/>
    <property name="java.vm.name" value="OpenJDK 64-Bit Server VM"/>
    <property name="java.vendor.version" value="Temurin-24.0.1+9"/>
    <property name="localRepository" value="/Users/rodrigolopezgatica/.m2/repository"/>
    <property name="java.vendor.url.bug" value="https://github.com/adoptium/adoptium-support/issues"/>
    <property name="java.io.tmpdir" value="/var/folders/56/7tnscv9x2ns0tmkxhvkr39900000gn/T/"/>
    <property name="java.version" value="24.0.1"/>
    <property name="user.dir" value="/Users/rodrigolopezgatica/Mis_Proyectos/Medium/Logs/LogsAndAudits"/>
    <property name="os.arch" value="aarch64"/>
    <property name="java.vm.specification.name" value="Java Virtual Machine Specification"/>
    <property name="PID" value="78329"/>
    <property name="CONSOLE_LOG_CHARSET" value="UTF-8"/>
    <property name="native.encoding" value="UTF-8"/>
    <property name="java.library.path" value="/Users/rodrigolopezgatica/Library/Java/Extensions:/Library/Java/Extensions:/Network/Library/Java/Extensions:/System/Library/Java/Extensions:/usr/lib/java:."/>
    <property name="java.vm.info" value="mixed mode, sharing"/>
    <property name="stderr.encoding" value="UTF-8"/>
    <property name="java.vendor" value="Eclipse Adoptium"/>
    <property name="java.vm.version" value="24.0.1+9"/>
    <property name="sun.io.unicode.encoding" value="UnicodeBig"/>
    <property name="socksNonProxyHosts" value="local|*.local|169.254/16|*.169.254/16"/>
    <property name="java.class.version" value="68.0"/>
    <property name="LOGGED_APPLICATION_NAME" value="[LogsAndAudits] "/>
  </properties>
  <testcase name="contextLoads" classname="pa.com.segurossura.logsandaudit.LogsAndAuditsApplicationTests" time="0.235">
    <system-out><![CDATA[05:03:21.855 [main] INFO org.springframework.test.context.support.AnnotationConfigContextLoaderUtils -- Could not detect default configuration classes for test class [pa.com.segurossura.logsandaudit.LogsAndAuditsApplicationTests]: LogsAndAuditsApplicationTests does not declare any static, non-private, non-final, nested classes annotated with @Configuration.
05:03:21.900 [main] INFO org.springframework.boot.test.context.SpringBootTestContextBootstrapper -- Found @SpringBootConfiguration pa.com.segurossura.logsandaudit.LogsAndAuditsApplication for test class pa.com.segurossura.logsandaudit.LogsAndAuditsApplicationTests

  .   ____          _            __ _ _
 /\\ / ___'_ __ _ _(_)_ __  __ _ \ \ \ \
( ( )\___ | '_ | '_| | '_ \/ _` | \ \ \ \
 \\/  ___)| |_)| | | | | || (_| |  ) ) ) )
  '  |____| .__|_| |_|_| |_\__, | / / / /
 =========|_|==============|___/=/_/_/_/

 :: Spring Boot ::                (v3.5.0)

{"timestamp":"2025-06-10T09:03:22.178992Z","@version":"1","level":"INFO","logger":"org.hibernate.validator.internal.util.Version","thread":"background-preinit","message":"HV000001: Hibernate Validator 8.0.2.Final"}
{"timestamp":"2025-06-10T09:03:22.188786Z","@version":"1","level":"INFO","logger":"pa.com.segurossura.logsandaudit.LogsAndAuditsApplicationTests","thread":"main","message":"Starting LogsAndAuditsApplicationTests using Java 24.0.1 with PID 78329 (started by rodrigolopezgatica in /Users/rodrigolopezgatica/Mis_Proyectos/Medium/Logs/LogsAndAudits)"}
{"timestamp":"2025-06-10T09:03:22.189222Z","@version":"1","level":"DEBUG","logger":"pa.com.segurossura.logsandaudit.LogsAndAuditsApplicationTests","thread":"main","message":"Running with Spring Boot v3.5.0, Spring v6.2.7"}
{"timestamp":"2025-06-10T09:03:22.189637Z","@version":"1","level":"INFO","logger":"pa.com.segurossura.logsandaudit.LogsAndAuditsApplicationTests","thread":"main","message":"No active profile set, falling back to 1 default profile: \"default\""}
{"timestamp":"2025-06-10T09:03:22.519643Z","@version":"1","level":"INFO","logger":"org.springframework.data.repository.config.RepositoryConfigurationDelegate","thread":"main","message":"Bootstrapping Spring Data JPA repositories in DEFAULT mode."}
{"timestamp":"2025-06-10T09:03:22.543116Z","@version":"1","level":"INFO","logger":"org.springframework.data.repository.config.RepositoryConfigurationDelegate","thread":"main","message":"Finished Spring Data repository scanning in 19 ms. Found 1 JPA repository interface."}
{"timestamp":"2025-06-10T09:03:22.780112Z","@version":"1","level":"INFO","logger":"org.hibernate.jpa.internal.util.LogHelper","thread":"main","message":"HHH000204: Processing PersistenceUnitInfo [name: default]"}
{"timestamp":"2025-06-10T09:03:22.797355Z","@version":"1","level":"INFO","logger":"org.hibernate.Version","thread":"main","message":"HHH000412: Hibernate ORM core version 6.6.15.Final"}
{"timestamp":"2025-06-10T09:03:22.808736Z","@version":"1","level":"INFO","logger":"org.hibernate.cache.internal.RegionFactoryInitiator","thread":"main","message":"HHH000026: Second-level cache disabled"}
{"timestamp":"2025-06-10T09:03:22.910828Z","@version":"1","level":"INFO","logger":"org.springframework.orm.jpa.persistenceunit.SpringPersistenceUnitInfo","thread":"main","message":"No LoadTimeWeaver setup: ignoring JPA class transformer"}
{"timestamp":"2025-06-10T09:03:22.922465Z","@version":"1","level":"INFO","logger":"com.zaxxer.hikari.HikariDataSource","thread":"main","message":"HikariPool - Starting..."}
{"timestamp":"2025-06-10T09:03:23.143978Z","@version":"1","level":"INFO","logger":"com.zaxxer.hikari.pool.HikariPool","thread":"main","message":"HikariPool - Added connection oracle.jdbc.driver.T4CConnection@56f61d74"}
{"timestamp":"2025-06-10T09:03:23.144621Z","@version":"1","level":"INFO","logger":"com.zaxxer.hikari.HikariDataSource","thread":"main","message":"HikariPool - Start completed."}
{"timestamp":"2025-06-10T09:03:23.242037Z","@version":"1","level":"INFO","logger":"org.hibernate.orm.connections.pooling","thread":"main","message":"HHH10001005: Database info:\n\tDatabase JDBC URL [Connecting through datasource 'HikariDataSource (HikariPool)']\n\tDatabase driver: undefined/unknown\n\tDatabase version: 23.7\n\tAutocommit mode: undefined/unknown\n\tIsolation level: undefined/unknown\n\tMinimum pool size: undefined/unknown\n\tMaximum pool size: undefined/unknown"}
{"timestamp":"2025-06-10T09:03:23.546364Z","@version":"1","level":"INFO","logger":"org.hibernate.engine.transaction.jta.platform.internal.JtaPlatformInitiator","thread":"main","message":"HHH000489: No JTA platform available (set 'hibernate.transaction.jta.platform' to enable JTA platform integration)"}
{"timestamp":"2025-06-10T09:03:23.633127Z","@version":"1","level":"INFO","logger":"org.springframework.orm.jpa.LocalContainerEntityManagerFactoryBean","thread":"main","message":"Initialized JPA EntityManagerFactory for persistence unit 'default'"}
{"timestamp":"2025-06-10T09:03:24.002452Z","@version":"1","level":"INFO","logger":"org.springframework.boot.actuate.endpoint.web.EndpointLinksResolver","thread":"main","message":"Exposing 1 endpoint beneath base path '/actuator'"}
{"timestamp":"2025-06-10T09:03:24.03553Z","@version":"1","level":"INFO","logger":"pa.com.segurossura.logsandaudit.LogsAndAuditsApplicationTests","thread":"main","message":"Started LogsAndAuditsApplicationTests in 2.086 seconds (process running for 2.446)"}
]]></system-out>
    <system-err><![CDATA[Mockito is currently self-attaching to enable the inline-mock-maker. This will no longer work in future releases of the JDK. Please add Mockito as an agent to your build as described in Mockito's documentation: https://javadoc.io/doc/org.mockito/mockito-core/latest/org.mockito/org/mockito/Mockito.html#0.3
WARNING: A Java agent has been loaded dynamically (/Users/rodrigolopezgatica/.m2/repository/net/bytebuddy/byte-buddy-agent/1.17.5/byte-buddy-agent-1.17.5.jar)
WARNING: If a serviceability tool is in use, please run with -XX:+EnableDynamicAgentLoading to hide this warning
WARNING: If a serviceability tool is not in use, please run with -Djdk.instrument.traceUsage for more information
WARNING: Dynamic loading of agents will be disallowed by default in a future release
]]></system-err>
  </testcase>
</testsuite>